
> web@0.1.0 dev
> next dev

▲ Next.js 16.1.6 (Turbopack)
- Local:         http://localhost:3000
- Network:       http://192.168.0.105:3000
- Environments: .env.local

✓ Starting...
✓ Ready in 428ms
 GET /admin/dashboard/media 200 in 282ms (compile: 157ms, render: 125ms)
 GET / 200 in 90ms (compile: 26ms, render: 64ms)
 GET /admin/dashboard/media 200 in 41ms (compile: 4ms, render: 37ms)
(node:67899) [DEP0060] DeprecationWarning: The `util._extend` API is deprecated. Please use Object.assign() instead.
(Use `node --trace-deprecation ...` to show where the warning was created)
⚠ Found a change in next.config.mjs. Restarting the server to apply the changes...
▲ Next.js 16.1.6 (Turbopack)
- Local:         http://localhost:3000
- Network:       http://192.168.0.105:3000
- Environments: .env.local

✓ Starting...
✓ Ready in 345ms
 GET /admin/dashboard/media 200 in 715ms (compile: 524ms, render: 191ms)
 GET / 200 in 557ms (compile: 479ms, render: 78ms)
[?25h
